T0C90 107860:846 SEGGER J-Link V6.48a Log File (0001ms, 110369ms total)
T0C90 107860:846 DLL Compiled: Jul 30 2019 15:16:09 (0001ms, 110369ms total)
T0C90 107860:846 Logging started @ 2021-11-13 01:00 (0001ms, 110369ms total)
T0C90 107860:847 JLINK_ExecCommand("device = ATSAM4LS4A", ...). Device "ATSAM4LS4A" selected.  returns 0x00 (0001ms, 110370ms total)
T0C90 107860:848 JLINK_GetHWStatus(...)  returns 0x00 (0000ms, 110370ms total)
T0C90 107860:848 JLINK_ClrRESET() (0001ms, 110371ms total)
T0C90 107860:855 JLINK_SetRESET() (0000ms, 110371ms total)
T0C90 107860:862 JLINK_ClrRESET() (0000ms, 110371ms total)
T0C90 107860:868 JLINK_ClrTCK()  returns 0x00 (0000ms, 110371ms total)
T0C90 107860:874 JLINK_SetRESET() (0000ms, 110371ms total)
T0C90 107860:884 JLINK_Clock()  returns 0x00 (0000ms, 110373ms total)
T0C90 107860:891 JLINK_TIF_Select(JLINKARM_TIF_SWD)  returns 0x00 (0000ms, 110373ms total)
T0C90 107860:891 JLINK_SetSpeed(50) (0000ms, 110373ms total)
T0C90 107860:891 JLINK_CORESIGHT_Configure()  returns 0 (0009ms, 110382ms total)
T0C90 107860:900 JLINK_CORESIGHT_WriteAPDPReg(DP reg 0x02, 0x01000000)  returns 0 (0001ms, 110383ms total)
T0C90 107860:901 JLINK_CORESIGHT_WriteAPDPReg(AP reg 0x00, 0x00000001)  returns 0 (0001ms, 110384ms total)
T0C90 107860:902 JLINK_CORESIGHT_WriteAPDPReg(DP reg 0x02, 0x01000000)  returns 0 (0001ms, 110385ms total)
T0C90 107860:903 JLINK_CORESIGHT_WriteAPDPReg(AP reg 0x00, 0x00000001)  returns 0 (0002ms, 110387ms total)
T0C90 107860:905 JLINK_CORESIGHT_WriteAPDPReg(AP reg 0x00, 0x00000010)  returns 0 (0001ms, 110388ms total)
T0C90 107860:906 JLINK_CORESIGHT_ReadAPDPReg(AP reg 0x01) -- Value=0x01000502  returns 0 (0002ms, 110390ms total)
T0C90 107860:908 JLINK_CORESIGHT_ReadAPDPReg(DP reg 0x03) -- Value=0x01000502  returns 0 (0001ms, 110391ms total)
T0C90 107861:109 JLINK_CORESIGHT_ReadAPDPReg(AP reg 0x01) -- Value=0x01000502  returns 0 (0002ms, 110393ms total)
T0C90 107861:111 JLINK_CORESIGHT_ReadAPDPReg(DP reg 0x03) -- Value=0x01000502  returns 0 (0001ms, 110394ms total)
T0C90 107861:315 JLINK_CORESIGHT_ReadAPDPReg(AP reg 0x01) -- Value=0x01000503  returns 0 (0002ms, 110396ms total)
T0C90 107861:317 JLINK_CORESIGHT_ReadAPDPReg(DP reg 0x03) -- Value=0x01000503  returns 0 (0001ms, 110397ms total)
T0C90 107861:331 JLINK_ExecCommand("Device = ATSAM4LS4A", ...). Device "ATSAM4LS4A" selected.  returns 0x00 (0001ms, 110398ms total)
T0C90 107861:332 JLINK_TIF_Select(JLINKARM_TIF_SWD)  returns 0x00 (0000ms, 110398ms total)
T0C90 107861:332 JLINK_SetSpeed(4000) (0000ms, 110398ms total)
T0C90 107861:332 JLINK_ResetPullsRESET(OFF) (0000ms, 110398ms total)
T0C90 107861:332 JLINK_Connect() >0x10B TIF>Found SW-DP with ID 0x2BA01477 >0x0D TIF> >0x28 TIF> >0x0D TIF> >0x28 TIF> >0x0D TIF> >0x28 TIF> >0x0D TIF> >0x28 TIF> >0x0D TIF> >0x21 TIF> >0x0D TIF> >0x28 TIF> >0x0D TIF> >0x28 TIF> >0x0D TIF> >0x0D TIF> >0x21 TIF> >0x0D TIF> >0x21 TIF> >0x0D TIF> >0x28 TIF> >0x0D TIF> >0x21 TIF> >0x0D TIF> >0x28 TIF> >0x0D TIF> >0x28 TIF> >0x0D TIF> >0x0D TIF> >0x28 TIF> >0x0D TIF> >0x28 TIF> >0x0D TIF> >0x28 TIF> >0x0D TIF> >0x28 TIF> >0x0D TIF> >0x28 TIF> >0x0D TIF>
 >0x0D TIF> >0x21 TIF> >0x0D TIF> >0x21 TIF> >0x0D TIF> >0x28 TIF> >0x0D TIF> >0x0D TIF> >0x28 TIF> >0x0D TIF> >0x28 TIF> >0x0D TIF> >0x0D TIF> >0x28 TIF> >0x0D TIF> >0x28 TIF> >0x0D TIF> >0x28 TIF> >0x10B TIF>Found SW-DP with ID 0x2BA01477 >0x0D TIF> >0x28 TIF> >0x0D TIF> >0x28 TIF> >0x0D TIF> >0x28 TIF> >0x0D TIF> >0x28 TIF> >0x0D TIF> >0x21 TIF> >0x0D TIF> >0x28 TIF>Scanning AP map to find all available APs >0x0D TIF> >0x28 TIF> >0x0D TIF> >0x21 TIF> >0x0D TIF> >0x21 TIF> >0x0D TIF> >0x28 TIF>
 >0x0D TIF> >0x21 TIF> >0x0D TIF> >0x21 TIF> >0x0D TIF> >0x28 TIF> >0x0D TIF> >0x21 TIF> >0x0D TIF> >0x21 TIF>AP[2]: Stopped AP scan as end of AP map has been reachedAP[0]: AHB-AP (IDR: 0x24770011)AP[1]: JTAG-AP (IDR: 0x003E0000)Iterating through AP map to find AHB-AP to use >0x42 TIF> >0x28 TIF> >0x0D TIF> >0x28 TIF> >0x0D TIF> >0x21 TIF> >0x0D TIF> >0x21 TIF> >0x42 TIF> >0x28 TIF> >0x0D TIF> >0x28 TIF> >0x0D TIF> >0x28 TIF> >0x0D TIF> >0x0D TIF> >0x21 TIF> >0x0D TIF> >0x21 TIF>AP[0]: Core found
AP[0]: AHB-AP ROM base: 0xE00FF000 >0x0D TIF> >0x28 TIF> >0x0D TIF> >0x28 TIF> >0x0D TIF> >0x28 TIF> >0x0D TIF> >0x0D TIF> >0x21 TIF> >0x0D TIF> >0x21 TIF>CPUID register: 0x410FC241. Implementer code: 0x41 (ARM)Found Cortex-M4 r0p1, Little endian. -- Max. mem block: 0x00010E60 -- CPU_ReadMem(4 bytes @ 0xE000EDF0) -- CPU_ReadMem(4 bytes @ 0xE0002000)FPUnit: 6 code (BP) slots and 2 literal slots -- CPU_ReadMem(4 bytes @ 0xE000EDFC) -- CPU_ReadMem(4 bytes @ 0xE0001000) -- CPU_WriteMem(4 bytes @ 0xE0001000)
 -- CPU_ReadMem(4 bytes @ 0xE000ED88) -- CPU_WriteMem(4 bytes @ 0xE000ED88) -- CPU_ReadMem(4 bytes @ 0xE000ED88) -- CPU_WriteMem(4 bytes @ 0xE000ED88)CoreSight components:ROMTbl[0] @ E00FF000 -- CPU_ReadMem(16 bytes @ 0xE00FF000) -- CPU_ReadMem(16 bytes @ 0xE000EFF0) -- CPU_ReadMem(16 bytes @ 0xE000EFE0)ROMTbl[0][0]: E000E000, CID: B105E00D, PID: 000BB000 SCS -- CPU_ReadMem(16 bytes @ 0xE0001FF0) -- CPU_ReadMem(16 bytes @ 0xE0001FE0)ROMTbl[0][1]: E0001000, CID: B105E00D, PID: 003BB002 DWT
 -- CPU_ReadMem(16 bytes @ 0xE0002FF0) -- CPU_ReadMem(16 bytes @ 0xE0002FE0)ROMTbl[0][2]: E0002000, CID: B105E00D, PID: 002BB003 FPB -- CPU_ReadMem(16 bytes @ 0xE0000FF0) -- CPU_ReadMem(16 bytes @ 0xE0000FE0)ROMTbl[0][3]: E0000000, CID: B105E00D, PID: 003BB001 ITM -- CPU_ReadMem(16 bytes @ 0xE00FF010) -- CPU_ReadMem(16 bytes @ 0xE0040FF0) -- CPU_ReadMem(16 bytes @ 0xE0040FE0)ROMTbl[0][4]: E0040000, CID: B105900D, PID: 000BB9A1 TPIU -- CPU_ReadMem(4 bytes @ 0xE0042000) -- CPU is running
 -- CPU_WriteMem(4 bytes @ 0xE0042000) -- CPU_ReadMem(4 bytes @ 0x400F0C00)  returns 0x00 (0149ms, 110547ms total)
T0C90 107861:481 JLINK_Halt()  returns 0x00 (0015ms, 110562ms total)
T0C90 107861:497 JLINK_JTAG_GetDeviceID(DeviceIndex = 0)  returns 0x00 (0000ms, 110562ms total)
T0C90 107861:497 JLINK_ReadMemU32(0x400E0740, 0x0001 Items, ...) -- CPU_ReadMem(4 bytes @ 0x400E0740) - Data: E1 09 0A AB  returns 1 (0001ms, 110563ms total)
T0C90 107861:500 JLINK_BeginDownload(Flags = 0x00) (0000ms, 110563ms total)
T0C90 107861:500 JLINK_WriteMem(0x00000000, 0x5D18 Bytes, ...) - Data: 50 1E 00 20 39 28 00 00 11 1F 00 00 35 28 00 00 ... -- Read from flash cache (23832 bytes @ 0x00000000)  returns 0x5D18 (0000ms, 110563ms total)
T0C90 107861:501 JLINK_WriteMem(0x00005D18, 0x0008 Bytes, ...) - Data: 50 FB FF 7F 01 00 00 00  returns 0x08 (0000ms, 110563ms total)
T0C90 107861:501 JLINK_WriteMem(0x00005D20, 0x0AB0 Bytes, ...) - Data: 07 4B 08 4A 9A 61 C1 61 07 49 58 69 0A 68 10 F0 ... -- Read from flash cache (2736 bytes @ 0x00005D20)  returns 0xAB0 (0000ms, 110563ms total)
T17C4 107861:509 JLINK_IsHalted()  returns TRUE (0000ms, 110563ms total)
T17C4 107861:509 JLINK_GetMOEs(...) -- CPU_ReadMem(4 bytes @ 0xE000ED30)  returns 0x01 (0001ms, 110564ms total)
T17C4 107861:510 JLINK_ReadReg(R15 (PC)) -- CPU_ReadMem(4 bytes @ 0xE000ED90) -- CPU_ReadMem(4 bytes @ 0xE000ED94) -- -------------------------------------- -- Start of determining dirty areas in flash cache -- End of determining dirty areas -- Start of preparing flash programming -- Calculating RAM usage -- RAM usage = 3844 Bytes -- Preserving CPU registers -- Preparing memory -- Preparing target -- Downloading RAMCode -- Checking target RAM -- Preparing RAMCode -- End of preparing flash programming
 -- CPU is running at 10000 kHz. -- Start of comparing flash -- CRC check was estimated as fastest method -- Comparing range 0x0000 - 0x67FF (52 Sectors, 26 KB), using multi-block CRC calculation -- CRC does not match for sectors 0-51 -- End of comparing flash -- Start of erasing sectors -- End of erasing sectors -- Start of flash programming -- Programming range 0x00000000 - 0x000067FF ( 52 Sectors, 26 KB) -- End of flash programming -- 0x0000 - 0x67FF ( 52 Sectors, 26 KB) -- Start of verifying flash
 -- Checksum calculation was estimated as fastest method -- End of verifying flash -- Start of restoring -- Restoring RAMCode -- Restore target -- Restore memory -- Restoring CPU registers -- End of restoring -- Bank 0 @ 0x00000000: 1 range affected (26624 bytes) -- Total time needed: 0.402s (Prepare: 0.052s, Compare: 0.011s, Erase: 0.000s, Program: 0.306s, Verify: 0.004s, Restore: 0.028s)  returns 0xFFFFFFFE (0407ms, 110971ms total)
T0C90 107861:919 JLINK_EndDownload()  returns 0x00 (0000ms, 110971ms total)
T0C90 107861:919 JLINK_ResetPullsRESET(ON) (0000ms, 110971ms total)
T0C90 107861:919 JLINK_ResetNoHalt() >0x10B TIF>Found SW-DP with ID 0x2BA01477 >0x0D TIF> >0x28 TIF> >0x0D TIF> >0x28 TIF> >0x0D TIF> >0x28 TIF> >0x0D TIF> >0x28 TIF> >0x0D TIF> >0x21 TIF> >0x0D TIF> >0x28 TIF> >0x0D TIF> >0x28 TIF> >0x0D TIF> >0x0D TIF> >0x21 TIF> >0x0D TIF> >0x21 TIF> >0x10B TIF>Found SW-DP with ID 0x2BA01477 >0x0D TIF> >0x28 TIF> >0x0D TIF> >0x28 TIF> >0x0D TIF> >0x28 TIF> >0x0D TIF> >0x28 TIF> >0x0D TIF> >0x21 TIF> >0x0D TIF> >0x28 TIF>
AP map detection skipped. Manually configured AP map found.AP[0]: AHB-AP (IDR: Not set) >0x42 TIF> >0x28 TIF> >0x0D TIF> >0x28 TIF> >0x0D TIF> >0x21 TIF> >0x0D TIF> >0x21 TIF> >0x42 TIF> >0x28 TIF> >0x0D TIF> >0x28 TIF> >0x0D TIF> >0x28 TIF> >0x0D TIF> >0x0D TIF> >0x21 TIF> >0x0D TIF> >0x21 TIF>AP[0]: Core foundAP[0]: AHB-AP ROM base: 0xE00FF000 >0x0D TIF> >0x28 TIF> >0x0D TIF> >0x28 TIF> >0x0D TIF> >0x28 TIF> >0x0D TIF> >0x0D TIF> >0x21 TIF> >0x0D TIF> >0x21 TIF>
CPUID register: 0x410FC241. Implementer code: 0x41 (ARM)Found Cortex-M4 r0p1, Little endian. -- Max. mem block: 0x00010D18 -- CPU_ReadMem(4 bytes @ 0xE000EDF0) -- CPU_ReadMem(4 bytes @ 0xE0002000)FPUnit: 6 code (BP) slots and 2 literal slots -- CPU_ReadMem(4 bytes @ 0xE000EDFC) -- CPU_ReadMem(4 bytes @ 0xE0001000) -- CPU_ReadMem(4 bytes @ 0xE000ED88) -- CPU_WriteMem(4 bytes @ 0xE000ED88) -- CPU_ReadMem(4 bytes @ 0xE000ED88) -- CPU_WriteMem(4 bytes @ 0xE000ED88)CoreSight components:ROMTbl[0] @ E00FF000
 -- CPU_ReadMem(16 bytes @ 0xE00FF000) -- CPU_ReadMem(16 bytes @ 0xE000EFF0) -- CPU_ReadMem(16 bytes @ 0xE000EFE0)ROMTbl[0][0]: E000E000, CID: B105E00D, PID: 000BB000 SCS -- CPU_WriteMem(4 bytes @ 0xE0001000) -- CPU_ReadMem(16 bytes @ 0xE0001FF0) -- CPU_ReadMem(16 bytes @ 0xE0001FE0)ROMTbl[0][1]: E0001000, CID: B105E00D, PID: 003BB002 DWT -- CPU_ReadMem(16 bytes @ 0xE0002FF0) -- CPU_ReadMem(16 bytes @ 0xE0002FE0)ROMTbl[0][2]: E0002000, CID: B105E00D, PID: 002BB003 FPB
 -- CPU_ReadMem(16 bytes @ 0xE0000FF0) -- CPU_ReadMem(16 bytes @ 0xE0000FE0)ROMTbl[0][3]: E0000000, CID: B105E00D, PID: 003BB001 ITM -- CPU_ReadMem(16 bytes @ 0xE00FF010) -- CPU_ReadMem(16 bytes @ 0xE0040FF0) -- CPU_ReadMem(16 bytes @ 0xE0040FE0)ROMTbl[0][4]: E0040000, CID: B105900D, PID: 000BB9A1 TPIU -- CPU_ReadMem(4 bytes @ 0xE0042000) -- CPU_ReadMem(4 bytes @ 0x400F0C00)
                JLINK_Reset() >0x10B TIF>Found SW-DP with ID 0x2BA01477 >0x0D TIF> >0x28 TIF> >0x0D TIF> >0x28 TIF> >0x0D TIF> >0x28 TIF> >0x0D TIF> >0x21 TIF> >0x0D TIF> >0x28 TIF> >0x0D TIF> >0x28 TIF> >0x0D TIF> >0x0D TIF> >0x28 TIF> >0x0D TIF> >0x28 TIF> >0x0D TIF> >0x28 TIF> >0x0D TIF> >0x28 TIF> >0x0D TIF> >0x28 TIF> >0x0D TIF> >0x0D TIF> >0x21 TIF> >0x0D TIF> >0x21 TIF> >0x0D TIF> >0x28 TIF> >0x0D TIF> >0x0D TIF> >0x28 TIF> >0x0D TIF> >0x28 TIF> >0x0D TIF> >0x0D TIF> >0x28 TIF> >0x0D TIF>
 >0x28 TIF> >0x0D TIF> >0x28 TIF> -- CPU_ReadMem(4 bytes @ 0xE0042000) -- CPU_WriteMem(4 bytes @ 0xE0042000) -- CPU_ReadMem(4 bytes @ 0x400F0C00) -- CPU_ReadMem(4 bytes @ 0x400F0800) -- CPU_WriteMem(4 bytes @ 0x400F081C) -- CPU_WriteMem(4 bytes @ 0xE0002000) -- CPU_ReadMem(4 bytes @ 0xE000EDFC) -- CPU_ReadMem(4 bytes @ 0xE0001000) -- CPU_WriteMem(4 bytes @ 0xE0001000) (0074ms, 0074ms total)
                JLINK_Go() -- CPU_ReadMem(4 bytes @ 0xE0001000) -- CPU_WriteMem(4 bytes @ 0xE0001004) (0003ms, 0077ms total)
               (0216ms, 111187ms total)
T0C90 107862:141 JLINK_Close() >0x0D TIF> >0x28 TIF> >0x0D TIF> >0x28 TIF> >0x0D TIF> >0x28 TIF> >0x0D TIF> >0x28 TIF> >0x0D TIF> >0x28 TIF> >0x0D TIF> >0x28 TIF> >0x0D TIF> >0x28 TIF> >0x0D TIF> >0x28 TIF> >0x0D TIF> >0x0D TIF> >0x21 TIF> >0x0D TIF> >0x28 TIF> (0008ms, 111195ms total)
T0C90 107862:141  (0008ms, 111195ms total)
T0C90 107862:141 Closed (0008ms, 111195ms total)
